=== Voyager curriculum: seed 19 (z-ai/glm-5.2) ===
[turn   1] move_to    floor=1 deepest=1/6 climbed_back=0
[turn   2] move       floor=1 deepest=1/6 climbed_back=0
[turn   3] move_to    floor=1 deepest=1/6 climbed_back=0
[turn   4] move       floor=1 deepest=1/6 climbed_back=0
[turn   5] move_to    floor=1 deepest=1/6 climbed_back=0
[turn   6] move       floor=1 deepest=1/6 climbed_back=0
[turn   7] move_to    floor=1 deepest=1/6 climbed_back=0
[turn   8] move       floor=1 deepest=1/6 climbed_back=0
[turn   9] move_to    floor=1 deepest=1/6 climbed_back=0
[turn  10] move       floor=1 deepest=1/6 climbed_back=0
[turn  11] move_to    floor=1 deepest=1/6 climbed_back=0
[turn  12] move       floor=1 deepest=1/6 climbed_back=0
[turn  13] move_to    floor=1 deepest=1/6 climbed_back=0
[turn  14] move       floor=1 deepest=1/6 climbed_back=0
[turn  15] move_to    floor=1 deepest=1/6 climbed_back=0
[turn  16] move       floor=1 deepest=1/6 climbed_back=0
[turn  17] move_to    floor=1 deepest=1/6 climbed_back=0
[turn  18] move       floor=1 deepest=1/6 climbed_back=0
[turn  19] move_to    floor=1 deepest=1/6 climbed_back=0
[turn  20] move       floor=1 deepest=1/6 climbed_back=0
  -> deepest_floor=1/6 climbed_back=0 reached_bottom=False
=== Voyager curriculum: seed 2 (z-ai/glm-5.2) ===
[turn   1] move_to    floor=1 deepest=1/6 climbed_back=0
[turn   2] move       floor=1 deepest=1/6 climbed_back=0
[turn   3] move_to    floor=1 deepest=1/6 climbed_back=0
[turn   4] move       floor=1 deepest=1/6 climbed_back=0
[turn   5] move_to    floor=1 deepest=1/6 climbed_back=0
[turn   6] move       floor=1 deepest=1/6 climbed_back=0
[turn   7] move_to    floor=1 deepest=1/6 climbed_back=0
[turn   8] move       floor=1 deepest=1/6 climbed_back=0
[turn   9] move       floor=1 deepest=1/6 climbed_back=0
[turn  10] move_to    floor=1 deepest=1/6 climbed_back=0
[turn  11] move       floor=1 deepest=1/6 climbed_back=0
[turn  12] move_to    floor=1 deepest=1/6 climbed_back=0
[turn  13] move       floor=1 deepest=1/6 climbed_back=0
[turn  14] move       floor=1 deepest=1/6 climbed_back=0
[turn  15] move_to    floor=1 deepest=1/6 climbed_back=0
[turn  16] move       floor=1 deepest=1/6 climbed_back=0
[turn  17] move_to    floor=1 deepest=1/6 climbed_back=0
[turn  18] move       floor=1 deepest=1/6 climbed_back=0
[turn  19] move_to    floor=1 deepest=1/6 climbed_back=0
[turn  20] search     floor=1 deepest=1/6 climbed_back=0
  -> deepest_floor=1/6 climbed_back=0 reached_bottom=False
=== Voyager curriculum: seed 9 (z-ai/glm-5.2) ===
[turn   1] move_to    floor=1 deepest=1/6 climbed_back=0
[turn   2] move       floor=1 deepest=1/6 climbed_back=0
[turn   3] move_to    floor=1 deepest=1/6 climbed_back=0
[turn   4] move       floor=1 deepest=1/6 climbed_back=0
[turn   5] move_to    floor=1 deepest=1/6 climbed_back=0
[turn   6] move       floor=1 deepest=1/6 climbed_back=0
[turn   7] move_to    floor=1 deepest=1/6 climbed_back=0
[turn   8] move       floor=1 deepest=1/6 climbed_back=0
[turn   9] move_to    floor=1 deepest=1/6 climbed_back=0
[turn  10] move       floor=1 deepest=1/6 climbed_back=0
[turn  11] move_to    floor=1 deepest=1/6 climbed_back=0
[turn  12] move       floor=1 deepest=1/6 climbed_back=0
[turn  13] move_to    floor=1 deepest=1/6 climbed_back=0
[turn  14] move       floor=1 deepest=1/6 climbed_back=0
[turn  15] move_to    floor=1 deepest=1/6 climbed_back=0
[turn  16] move       floor=1 deepest=1/6 climbed_back=0
[turn  17] move_to    floor=1 deepest=1/6 climbed_back=0
[turn  18] move       floor=1 deepest=1/6 climbed_back=0
[turn  19] move_to    floor=1 deepest=1/6 climbed_back=0
[turn  20] move       floor=1 deepest=1/6 climbed_back=0
  -> deepest_floor=1/6 climbed_back=0 reached_bottom=False
summary: [{"seed": 19, "deepest_floor": 1, "climbed_back": 0, "reached_bottom": false}, {"seed": 2, "deepest_floor": 1, "climbed_back": 0, "reached_bottom": false}, {"seed": 9, "deepest_floor": 1, "climbed_back": 0, "reached_bottom": false}]
